<?xml version="1.0" encoding="UTF-8"?>
<!-- Generated by org.testng.reporters.JUnitXMLReporter -->
<testsuite ignored="1" hostname="DESKTOP-U49T2LA" failures="2" tests="5" name="Dependency Test" time="0.057" errors="0" timestamp="2021-02-21T22:17:46 IST">
  <testcase classname="TestNGLearning.TestCase3" name="doUserReg" time="0.006">
    <failure type="java.lang.AssertionError" message="Test Case failed">
      <![CDATA[java.lang.AssertionError: Test Case failed
at TestNGLearning.TestCase3.doUserReg(TestCase3.java:13)
at java.base/java.util.ArrayList.forEach(ArrayList.java:1541)
... Removed 28 stack frames]]>
    </failure>
  </testcase> <!-- doUserReg -->
  <testcase classname="TestNGLearning.TestCase3" name="doUserReg2" time="0.004">
    <failure type="java.lang.AssertionError" message="Test Case failed">
      <![CDATA[java.lang.AssertionError: Test Case failed
at TestNGLearning.TestCase3.doUserReg2(TestCase3.java:20)
at java.base/java.util.ArrayList.forEach(ArrayList.java:1541)
... Removed 28 stack frames]]>
    </failure>
  </testcase> <!-- doUserReg2 -->
  <testcase classname="TestNGLearning.TestCase3" name="doLoin" time="0.0">
    <skipped/>
  </testcase> <!-- doLoin -->
  <testcase classname="TestNGLearning.TestCase3" name="isSkip" time="0.001">
    <skipped/>
  </testcase> <!-- isSkip -->
  <testcase classname="TestNGLearning.TestCase3" name="isSkip2" time="0.004">
    <skipped/>
  </testcase> <!-- isSkip2 -->
  <testcase classname="TestNGLearning.TestCase3" name="doLoin2" time="0.0">
    <ignored/>
  </testcase> <!-- doLoin2 -->
</testsuite> <!-- Dependency Test -->
