<?xml version="1.0" encoding="UTF-8"?>
<!-- Generated by org.testng.reporters.JUnitXMLReporter -->
<testsuite ignored="0" hostname="DESKTOP-U49T2LA" failures="2" tests="2" name="Listener " time="0.032" errors="0" timestamp="2021-02-21T22:17:46 IST">
  <testcase classname="TestNGLearning.TestCase5Listener" name="doUserReg" time="0.002">
    <failure type="java.lang.AssertionError" message="Test Case failed">
      <![CDATA[java.lang.AssertionError: Test Case failed
at TestNGLearning.TestCase5Listener.doUserReg(TestCase5Listener.java:19)
at java.base/java.util.ArrayList.forEach(ArrayList.java:1541)
... Removed 28 stack frames]]>
    </failure>
  </testcase> <!-- doUserReg -->
  <testcase classname="TestNGLearning.TestCase5Listener" name="doUserReg2" time="0.003">
    <failure type="java.lang.AssertionError" message="Test Case failed">
      <![CDATA[java.lang.AssertionError: Test Case failed
at TestNGLearning.TestCase5Listener.doUserReg2(TestCase5Listener.java:32)
at java.base/java.util.ArrayList.forEach(ArrayList.java:1541)
... Removed 28 stack frames]]>
    </failure>
  </testcase> <!-- doUserReg2 -->
</testsuite> <!-- Listener  -->
